rm -f *.o *.om
mpicc -I/panfs/storage.local/imb/home/sqin/fftw/fftw3.3.4-intel/include -c -Wall -O3 -std=c99 -qopenmp -DUSE_MPI  cross.c -o cross.o
mpicc -I/panfs/storage.local/imb/home/sqin/fftw/fftw3.3.4-intel/include -c -Wall -O3 -std=c99 -qopenmp -DUSE_MPI  fftw.c -o fftw.o
mpicc -I/panfs/storage.local/imb/home/sqin/fftw/fftw3.3.4-intel/include -c -Wall -O3 -std=c99 -qopenmp -DUSE_MPI  grdL.c -o grdL.o
mpicc -I/panfs/storage.local/imb/home/sqin/fftw/fftw3.3.4-intel/include -c -Wall -O3 -std=c99 -qopenmp -DUSE_MPI  grdR.c -o grdR.o
mpicc -I/panfs/storage.local/imb/home/sqin/fftw/fftw3.3.4-intel/include -c -Wall -O3 -std=c99 -qopenmp -DUSE_MPI  parm.c -o parm.o
mpicc -I/panfs/storage.local/imb/home/sqin/fftw/fftw3.3.4-intel/include -c -Wall -O3 -std=c99 -qopenmp -DUSE_MPI  pdb.c -o pdb.o
mpicc -I/panfs/storage.local/imb/home/sqin/fftw/fftw3.3.4-intel/include -c -Wall -O3 -std=c99 -qopenmp -DUSE_MPI  pro.c -o pro.o
mpicc -I/panfs/storage.local/imb/home/sqin/fftw/fftw3.3.4-intel/include -c -Wall -O3 -std=c99 -qopenmp -DUSE_MPI  rdf.c -o rdf.o
mpicc -I/panfs/storage.local/imb/home/sqin/fftw/fftw3.3.4-intel/include -c -Wall -O3 -std=c99 -qopenmp -DUSE_MPI  rot.c -o rot.o
mpicc -I/panfs/storage.local/imb/home/sqin/fftw/fftw3.3.4-intel/include -c -Wall -O3 -std=c99 -qopenmp -DUSE_MPI  score.c -o score.o
mpicc -I/panfs/storage.local/imb/home/sqin/fftw/fftw3.3.4-intel/include -c -Wall -O3 -std=c99 -qopenmp -DUSE_MPI  cputime.c -o cputime.o
mpicc -I/panfs/storage.local/imb/home/sqin/fftw/fftw3.3.4-intel/include -c -Wall -O3 -std=c99 -qopenmp -DUSE_MPI  fmap.c -o fmap.o
mpicc cross.o fftw.o grdL.o grdR.o parm.o pdb.o pro.o rdf.o rot.o score.o cputime.o fmap.o -I/panfs/storage.local/imb/home/sqin/fftw/fftw3.3.4-intel/include -Wl,-rpath,/panfs/storage.local/imb/home/sqin/fftw/fftw3.3.4-intel/lib  -L/panfs/storage.local/imb/home/sqin/fftw/fftw3.3.4-intel/lib -lfftw3 -lfftw3_omp -lm -Wall -std=c99 -qopenmp -O3 -DUSE_MPI  -o fmap
grep -v -e ToCtd -e CalCtd fmap.c >fmap.cen.c
mpicc cross.o fftw.o grdL.o grdR.o parm.o pdb.o pro.o rdf.o rot.o score.o cputime.o fmap.cen.c -I/panfs/storage.local/imb/home/sqin/fftw/fftw3.3.4-intel/include -Wl,-rpath,/panfs/storage.local/imb/home/sqin/fftw/fftw3.3.4-intel/lib  -L/panfs/storage.local/imb/home/sqin/fftw/fftw3.3.4-intel/lib -lfftw3 -lfftw3_omp -lm -Wall -std=c99 -qopenmp -O3 -DUSE_MPI  -o fmap.cen
mpicc -I/panfs/storage.local/imb/home/sqin/fftw/fftw3.3.4-intel/include -c -Wall -O3 -std=c99 -qopenmp -DUSE_MPI  ele.drt.c -o ele.drt.o
mpicc -I/panfs/storage.local/imb/home/sqin/fftw/fftw3.3.4-intel/include -c -Wall -O3 -std=c99 -qopenmp -DUSE_MPI  vdw.drt.c -o vdw.drt.o
mpicc -I/panfs/storage.local/imb/home/sqin/fftw/fftw3.3.4-intel/include -c -Wall -O3 -std=c99 -qopenmp -DUSE_MPI  vol.drt.c -o vol.drt.o
mpicc -I/panfs/storage.local/imb/home/sqin/fftw/fftw3.3.4-intel/include -c -Wall -O3 -std=c99 -qopenmp -DUSE_MPI  linked.c -o linked.o
mpicc -I/panfs/storage.local/imb/home/sqin/fftw/fftw3.3.4-intel/include -c -Wall -O3 -std=c99 -qopenmp -DUSE_MPI  drt.c -o drt.o
mpicc -I/panfs/storage.local/imb/home/sqin/fftw/fftw3.3.4-intel/include -c -Wall -O3 -std=c99 -qopenmp -DUSE_MPI  drtlnk.c -o drtlnk.o
mpicc -I/panfs/storage.local/imb/home/sqin/fftw/fftw3.3.4-intel/include -c -Wall -O3 -std=c99 -qopenmp -DUSE_MPI  angijk.c -o angijk.o
mpicc -I/panfs/storage.local/imb/home/sqin/fftw/fftw3.3.4-intel/include -c -Wall -O3 -std=c99 -qopenmp -DUSE_MPI  zdread.c -o zdread.o
mpicc ele.drt.o vdw.drt.o vol.drt.o linked.o drt.o drtlnk.o angijk.o zdread.o pdb.o rot.o score.o parm.o cputime.o fmapdd.c -I/panfs/storage.local/imb/home/sqin/fftw/fftw3.3.4-intel/include -Wl,-rpath,/panfs/storage.local/imb/home/sqin/fftw/fftw3.3.4-intel/lib  -L/panfs/storage.local/imb/home/sqin/fftw/fftw3.3.4-intel/lib -lfftw3 -lfftw3_omp -lm -Wall -std=c99 -qopenmp -O3 -DUSE_MPI  -o fmapdd
mpicc -I/panfs/storage.local/imb/home/sqin/fftw/fftw3.3.4-intel/include -c -Wall -O3 -std=c99 -qopenmp -DUSE_MPI  drt.atm.c -o drt.atm.o
mpicc -I/panfs/storage.local/imb/home/sqin/fftw/fftw3.3.4-intel/include -c -Wall -O3 -std=c99 -qopenmp -DUSE_MPI  drtlnk.atm.c -o drtlnk.atm.o
mpicc -I/panfs/storage.local/imb/home/sqin/fftw/fftw3.3.4-intel/include -c -Wall -O3 -std=c99 -qopenmp -DUSE_MPI  angijk.atm.c -o angijk.atm.o
mpicc ele.drt.o vdw.drt.o vol.drt.o linked.o drt.atm.o drtlnk.atm.o angijk.atm.o zdread.o pdb.o rot.o score.o parm.o cputime.o fmapdd.c -I/panfs/storage.local/imb/home/sqin/fftw/fftw3.3.4-intel/include -Wl,-rpath,/panfs/storage.local/imb/home/sqin/fftw/fftw3.3.4-intel/lib  -L/panfs/storage.local/imb/home/sqin/fftw/fftw3.3.4-intel/lib -lfftw3 -lfftw3_omp -lm -Wall -std=c99 -qopenmp -O3 -DUSE_MPI  -o fmapdd.atm
mpicc ele.drt.o vdw.drt.o vol.drt.o linked.o drt.o drtlnk.o angijk.o zdread.o pdb.o rot.o score.o parm.o cputime.o fmapdd.showpqr.c -I/panfs/storage.local/imb/home/sqin/fftw/fftw3.3.4-intel/include -Wl,-rpath,/panfs/storage.local/imb/home/sqin/fftw/fftw3.3.4-intel/lib  -L/panfs/storage.local/imb/home/sqin/fftw/fftw3.3.4-intel/lib -lfftw3 -lfftw3_omp -lm -Wall -std=c99 -qopenmp -O3 -DUSE_MPI  -o fmapdd.showpqr
mpicc -I/panfs/storage.local/imb/home/sqin/fftw/fftw3.3.4-intel/include -c -Wall -O3 -std=c99 -qopenmp -DUSE_MPI  matevscl.c -o matevscl.o
mpicc pdb.o score.o parm.o matevscl.o -I/panfs/storage.local/imb/home/sqin/fftw/fftw3.3.4-intel/include -Wl,-rpath,/panfs/storage.local/imb/home/sqin/fftw/fftw3.3.4-intel/lib  -L/panfs/storage.local/imb/home/sqin/fftw/fftw3.3.4-intel/lib -lfftw3 -lfftw3_omp -lm -Wall -std=c99 -qopenmp -O3 -DUSE_MPI  -o matevscl
mpicc cross.o fftw.o grdL.o grdR.o parm.o pdb.o pro.o rdf.o rot.o score.o cputime.o fmappdbs.c -I/panfs/storage.local/imb/home/sqin/fftw/fftw3.3.4-intel/include -Wl,-rpath,/panfs/storage.local/imb/home/sqin/fftw/fftw3.3.4-intel/lib  -L/panfs/storage.local/imb/home/sqin/fftw/fftw3.3.4-intel/lib -lfftw3 -lfftw3_omp -lm -Wall -std=c99 -qopenmp -O3 -DUSE_MPI  -o fmappdbs
mpicc cross.o fftw.o grdL.o grdR.o parm.o pdb.o pro.o rdf.o rot.o score.o cputime.o fmaprots.c rand.c pdbnmr.c -I/panfs/storage.local/imb/home/sqin/fftw/fftw3.3.4-intel/include -Wl,-rpath,/panfs/storage.local/imb/home/sqin/fftw/fftw3.3.4-intel/lib  -L/panfs/storage.local/imb/home/sqin/fftw/fftw3.3.4-intel/lib -lfftw3 -lfftw3_omp -lm -Wall -std=c99 -qopenmp -O3 -DUSE_MPI  -o fmaprots
mpicc cross.o fftw.o grdL.o grdR.o parm.o pdb.o pro.o rdf.o rot.o score.o cputime.o fmapsdamm.c sdamm.c sdammio.c rand.c -I/panfs/storage.local/imb/home/sqin/fftw/fftw3.3.4-intel/include -Wl,-rpath,/panfs/storage.local/imb/home/sqin/fftw/fftw3.3.4-intel/lib  -L/panfs/storage.local/imb/home/sqin/fftw/fftw3.3.4-intel/lib -lfftw3 -lfftw3_omp -lm -Wall -std=c99 -qopenmp -O3 -DUSE_MPI  -o fmapsdamm
