rm -f *.o *.om
icc -I/panfs/storage.local/imb/home/sqin/fftw/fftw3.3.4-intel/include -c -Wall -O3 -std=c99 -qopenmp  cross.c -o cross.o
#icc -I/panfs/storage.local/imb/home/sqin/fftw/fftw3.3.4-intel/include -c -Wall -O3 -std=c99 -qopenmp -mmic  cross.c -o cross.om
icc -I/panfs/storage.local/imb/home/sqin/fftw/fftw3.3.4-intel/include -c -Wall -O3 -std=c99 -qopenmp  fftw.c -o fftw.o
#icc -I/panfs/storage.local/imb/home/sqin/fftw/fftw3.3.4-intel/include -c -Wall -O3 -std=c99 -qopenmp -mmic  fftw.c -o fftw.om
icc -I/panfs/storage.local/imb/home/sqin/fftw/fftw3.3.4-intel/include -c -Wall -O3 -std=c99 -qopenmp  grdL.c -o grdL.o
#icc -I/panfs/storage.local/imb/home/sqin/fftw/fftw3.3.4-intel/include -c -Wall -O3 -std=c99 -qopenmp -mmic  grdL.c -o grdL.om
icc -I/panfs/storage.local/imb/home/sqin/fftw/fftw3.3.4-intel/include -c -Wall -O3 -std=c99 -qopenmp  grdR.c -o grdR.o
#icc -I/panfs/storage.local/imb/home/sqin/fftw/fftw3.3.4-intel/include -c -Wall -O3 -std=c99 -qopenmp -mmic  grdR.c -o grdR.om
icc -I/panfs/storage.local/imb/home/sqin/fftw/fftw3.3.4-intel/include -c -Wall -O3 -std=c99 -qopenmp  parm.c -o parm.o
#icc -I/panfs/storage.local/imb/home/sqin/fftw/fftw3.3.4-intel/include -c -Wall -O3 -std=c99 -qopenmp -mmic  parm.c -o parm.om
icc -I/panfs/storage.local/imb/home/sqin/fftw/fftw3.3.4-intel/include -c -Wall -O3 -std=c99 -qopenmp  pdb.c -o pdb.o
#icc -I/panfs/storage.local/imb/home/sqin/fftw/fftw3.3.4-intel/include -c -Wall -O3 -std=c99 -qopenmp -mmic  pdb.c -o pdb.om
icc -I/panfs/storage.local/imb/home/sqin/fftw/fftw3.3.4-intel/include -c -Wall -O3 -std=c99 -qopenmp  pro.c -o pro.o
#icc -I/panfs/storage.local/imb/home/sqin/fftw/fftw3.3.4-intel/include -c -Wall -O3 -std=c99 -qopenmp -mmic  pro.c -o pro.om
icc -I/panfs/storage.local/imb/home/sqin/fftw/fftw3.3.4-intel/include -c -Wall -O3 -std=c99 -qopenmp  rdf.c -o rdf.o
#icc -I/panfs/storage.local/imb/home/sqin/fftw/fftw3.3.4-intel/include -c -Wall -O3 -std=c99 -qopenmp -mmic  rdf.c -o rdf.om
icc -I/panfs/storage.local/imb/home/sqin/fftw/fftw3.3.4-intel/include -c -Wall -O3 -std=c99 -qopenmp  rot.c -o rot.o
#icc -I/panfs/storage.local/imb/home/sqin/fftw/fftw3.3.4-intel/include -c -Wall -O3 -std=c99 -qopenmp -mmic  rot.c -o rot.om
icc -I/panfs/storage.local/imb/home/sqin/fftw/fftw3.3.4-intel/include -c -Wall -O3 -std=c99 -qopenmp  score.c -o score.o
#icc -I/panfs/storage.local/imb/home/sqin/fftw/fftw3.3.4-intel/include -c -Wall -O3 -std=c99 -qopenmp -mmic  score.c -o score.om
icc -I/panfs/storage.local/imb/home/sqin/fftw/fftw3.3.4-intel/include -c -Wall -O3 -std=c99 -qopenmp  cputime.c -o cputime.o
#icc -I/panfs/storage.local/imb/home/sqin/fftw/fftw3.3.4-intel/include -c -Wall -O3 -std=c99 -qopenmp -mmic  cputime.c -o cputime.om
icc -I/panfs/storage.local/imb/home/sqin/fftw/fftw3.3.4-intel/include -c -Wall -O3 -std=c99 -qopenmp  fmap.c -o fmap.o
#icc -I/panfs/storage.local/imb/home/sqin/fftw/fftw3.3.4-intel/include -c -Wall -O3 -std=c99 -qopenmp -mmic  fmap.c -o fmap.om
icc cross.o fftw.o grdL.o grdR.o parm.o pdb.o pro.o rdf.o rot.o score.o cputime.o fmap.o -I/panfs/storage.local/imb/home/sqin/fftw/fftw3.3.4-intel/include -Wl,-rpath,/panfs/storage.local/imb/home/sqin/fftw/fftw3.3.4-intel/lib  -L/panfs/storage.local/imb/home/sqin/fftw/fftw3.3.4-intel/lib -lfftw3 -lfftw3_omp -lm -Wall -std=c99 -qopenmp -O3   -o fmap
grep -v -e ToCtd -e CalCtd fmap.c >fmap.cen.c
icc cross.o fftw.o grdL.o grdR.o parm.o pdb.o pro.o rdf.o rot.o score.o cputime.o fmap.cen.c -I/panfs/storage.local/imb/home/sqin/fftw/fftw3.3.4-intel/include -Wl,-rpath,/panfs/storage.local/imb/home/sqin/fftw/fftw3.3.4-intel/lib  -L/panfs/storage.local/imb/home/sqin/fftw/fftw3.3.4-intel/lib -lfftw3 -lfftw3_omp -lm -Wall -std=c99 -qopenmp -O3   -o fmap.cen
icc -I/panfs/storage.local/imb/home/sqin/fftw/fftw3.3.4-intel/include -c -Wall -O3 -std=c99 -qopenmp  ele.drt.c -o ele.drt.o
#icc -I/panfs/storage.local/imb/home/sqin/fftw/fftw3.3.4-intel/include -c -Wall -O3 -std=c99 -qopenmp -mmic  ele.drt.c -o ele.drt.om
icc -I/panfs/storage.local/imb/home/sqin/fftw/fftw3.3.4-intel/include -c -Wall -O3 -std=c99 -qopenmp  vdw.drt.c -o vdw.drt.o
#icc -I/panfs/storage.local/imb/home/sqin/fftw/fftw3.3.4-intel/include -c -Wall -O3 -std=c99 -qopenmp -mmic  vdw.drt.c -o vdw.drt.om
icc -I/panfs/storage.local/imb/home/sqin/fftw/fftw3.3.4-intel/include -c -Wall -O3 -std=c99 -qopenmp  vol.drt.c -o vol.drt.o
#icc -I/panfs/storage.local/imb/home/sqin/fftw/fftw3.3.4-intel/include -c -Wall -O3 -std=c99 -qopenmp -mmic  vol.drt.c -o vol.drt.om
icc -I/panfs/storage.local/imb/home/sqin/fftw/fftw3.3.4-intel/include -c -Wall -O3 -std=c99 -qopenmp  linked.c -o linked.o
#icc -I/panfs/storage.local/imb/home/sqin/fftw/fftw3.3.4-intel/include -c -Wall -O3 -std=c99 -qopenmp -mmic  linked.c -o linked.om
icc -I/panfs/storage.local/imb/home/sqin/fftw/fftw3.3.4-intel/include -c -Wall -O3 -std=c99 -qopenmp  drt.c -o drt.o
#icc -I/panfs/storage.local/imb/home/sqin/fftw/fftw3.3.4-intel/include -c -Wall -O3 -std=c99 -qopenmp -mmic  drt.c -o drt.om
icc -I/panfs/storage.local/imb/home/sqin/fftw/fftw3.3.4-intel/include -c -Wall -O3 -std=c99 -qopenmp  drtlnk.c -o drtlnk.o
#icc -I/panfs/storage.local/imb/home/sqin/fftw/fftw3.3.4-intel/include -c -Wall -O3 -std=c99 -qopenmp -mmic  drtlnk.c -o drtlnk.om
icc -I/panfs/storage.local/imb/home/sqin/fftw/fftw3.3.4-intel/include -c -Wall -O3 -std=c99 -qopenmp  angijk.c -o angijk.o
#icc -I/panfs/storage.local/imb/home/sqin/fftw/fftw3.3.4-intel/include -c -Wall -O3 -std=c99 -qopenmp -mmic  angijk.c -o angijk.om
icc -I/panfs/storage.local/imb/home/sqin/fftw/fftw3.3.4-intel/include -c -Wall -O3 -std=c99 -qopenmp  zdread.c -o zdread.o
#icc -I/panfs/storage.local/imb/home/sqin/fftw/fftw3.3.4-intel/include -c -Wall -O3 -std=c99 -qopenmp -mmic  zdread.c -o zdread.om
icc ele.drt.o vdw.drt.o vol.drt.o linked.o drt.o drtlnk.o angijk.o zdread.o pdb.o rot.o score.o parm.o cputime.o fmapdd.c -I/panfs/storage.local/imb/home/sqin/fftw/fftw3.3.4-intel/include -Wl,-rpath,/panfs/storage.local/imb/home/sqin/fftw/fftw3.3.4-intel/lib  -L/panfs/storage.local/imb/home/sqin/fftw/fftw3.3.4-intel/lib -lfftw3 -lfftw3_omp -lm -Wall -std=c99 -qopenmp -O3   -o fmapdd
icc -I/panfs/storage.local/imb/home/sqin/fftw/fftw3.3.4-intel/include -c -Wall -O3 -std=c99 -qopenmp  drt.atm.c -o drt.atm.o
#icc -I/panfs/storage.local/imb/home/sqin/fftw/fftw3.3.4-intel/include -c -Wall -O3 -std=c99 -qopenmp -mmic  drt.atm.c -o drt.atm.om
icc -I/panfs/storage.local/imb/home/sqin/fftw/fftw3.3.4-intel/include -c -Wall -O3 -std=c99 -qopenmp  drtlnk.atm.c -o drtlnk.atm.o
#icc -I/panfs/storage.local/imb/home/sqin/fftw/fftw3.3.4-intel/include -c -Wall -O3 -std=c99 -qopenmp -mmic  drtlnk.atm.c -o drtlnk.atm.om
icc -I/panfs/storage.local/imb/home/sqin/fftw/fftw3.3.4-intel/include -c -Wall -O3 -std=c99 -qopenmp  angijk.atm.c -o angijk.atm.o
#icc -I/panfs/storage.local/imb/home/sqin/fftw/fftw3.3.4-intel/include -c -Wall -O3 -std=c99 -qopenmp -mmic  angijk.atm.c -o angijk.atm.om
icc ele.drt.o vdw.drt.o vol.drt.o linked.o drt.atm.o drtlnk.atm.o angijk.atm.o zdread.o pdb.o rot.o score.o parm.o cputime.o fmapdd.c -I/panfs/storage.local/imb/home/sqin/fftw/fftw3.3.4-intel/include -Wl,-rpath,/panfs/storage.local/imb/home/sqin/fftw/fftw3.3.4-intel/lib  -L/panfs/storage.local/imb/home/sqin/fftw/fftw3.3.4-intel/lib -lfftw3 -lfftw3_omp -lm -Wall -std=c99 -qopenmp -O3   -o fmapdd.atm
icc ele.drt.o vdw.drt.o vol.drt.o linked.o drt.o drtlnk.o angijk.o zdread.o pdb.o rot.o score.o parm.o cputime.o fmapdd.showpqr.c -I/panfs/storage.local/imb/home/sqin/fftw/fftw3.3.4-intel/include -Wl,-rpath,/panfs/storage.local/imb/home/sqin/fftw/fftw3.3.4-intel/lib  -L/panfs/storage.local/imb/home/sqin/fftw/fftw3.3.4-intel/lib -lfftw3 -lfftw3_omp -lm -Wall -std=c99 -qopenmp -O3   -o fmapdd.showpqr
icc -I/panfs/storage.local/imb/home/sqin/fftw/fftw3.3.4-intel/include -c -Wall -O3 -std=c99 -qopenmp  matevscl.c -o matevscl.o
icc pdb.o score.o parm.o matevscl.o -I/panfs/storage.local/imb/home/sqin/fftw/fftw3.3.4-intel/include -Wl,-rpath,/panfs/storage.local/imb/home/sqin/fftw/fftw3.3.4-intel/lib  -L/panfs/storage.local/imb/home/sqin/fftw/fftw3.3.4-intel/lib -lfftw3 -lfftw3_omp -lm -Wall -std=c99 -qopenmp -O3   -o matevscl
icc cross.o fftw.o grdL.o grdR.o parm.o pdb.o pro.o rdf.o rot.o score.o cputime.o fmappdbs.c -I/panfs/storage.local/imb/home/sqin/fftw/fftw3.3.4-intel/include -Wl,-rpath,/panfs/storage.local/imb/home/sqin/fftw/fftw3.3.4-intel/lib  -L/panfs/storage.local/imb/home/sqin/fftw/fftw3.3.4-intel/lib -lfftw3 -lfftw3_omp -lm -Wall -std=c99 -qopenmp -O3   -o fmappdbs
icc cross.o fftw.o grdL.o grdR.o parm.o pdb.o pro.o rdf.o rot.o score.o cputime.o fmaprots.c rand.c pdbnmr.c -I/panfs/storage.local/imb/home/sqin/fftw/fftw3.3.4-intel/include -Wl,-rpath,/panfs/storage.local/imb/home/sqin/fftw/fftw3.3.4-intel/lib  -L/panfs/storage.local/imb/home/sqin/fftw/fftw3.3.4-intel/lib -lfftw3 -lfftw3_omp -lm -Wall -std=c99 -qopenmp -O3   -o fmaprots
icc cross.o fftw.o grdL.o grdR.o parm.o pdb.o pro.o rdf.o rot.o score.o cputime.o fmapsdamm.c sdamm.c sdammio.c rand.c -I/panfs/storage.local/imb/home/sqin/fftw/fftw3.3.4-intel/include -Wl,-rpath,/panfs/storage.local/imb/home/sqin/fftw/fftw3.3.4-intel/lib  -L/panfs/storage.local/imb/home/sqin/fftw/fftw3.3.4-intel/lib -lfftw3 -lfftw3_omp -lm -Wall -std=c99 -qopenmp -O3   -o fmapsdamm
